TN:
SF:src/controllers/fluxograma_controller.ts
FN:42,isOptativa
FN:64,extractSubjectCodes
FN:66,(anonymous_2)
FN:70,getCodigosEquivalentes
FN:77,codigoContidoNaEquivalencia
FN:86,mapPreRequisitosFromDb
FN:153,mapEquivalenciasFromDb
FN:154,(anonymous_7)
FN:186,getStatusPriority
FN:193,findSubjectMatch
FN:199,(anonymous_10)
FN:206,(anonymous_11)
FN:214,(anonymous_12)
FN:221,(anonymous_13)
FN:230,processMatchedDiscipline
FN:239,(anonymous_15)
FN:271,checkEquivalencies
FN:279,(anonymous_17)
FN:280,(anonymous_18)
FN:290,(anonymous_19)
FN:294,(anonymous_20)
FN:324,(anonymous_21)
FN:414,(anonymous_22)
FN:443,(anonymous_23)
FN:444,(anonymous_24)
FN:445,(anonymous_25)
FN:483,(anonymous_26)
FN:484,(anonymous_27)
FN:553,(anonymous_28)
FN:554,(anonymous_29)
FN:639,(anonymous_30)
FN:640,(anonymous_31)
FN:656,(anonymous_32)
FN:664,(anonymous_33)
FN:761,(anonymous_34)
FN:762,(anonymous_35)
FN:763,(anonymous_36)
FN:785,(anonymous_37)
FN:805,(anonymous_38)
FN:840,(anonymous_39)
FN:845,(anonymous_40)
FN:886,(anonymous_41)
FN:891,(anonymous_42)
FN:896,(anonymous_43)
FN:959,(anonymous_44)
FN:977,(anonymous_45)
FN:1007,(anonymous_46)
FNF:47
FNH:22
FNDA:14,isOptativa
FNDA:11,extractSubjectCodes
FNDA:10,(anonymous_2)
FNDA:8,getCodigosEquivalentes
FNDA:5,codigoContidoNaEquivalencia
FNDA:5,mapPreRequisitosFromDb
FNDA:5,mapEquivalenciasFromDb
FNDA:2,(anonymous_7)
FNDA:10,getStatusPriority
FNDA:5,findSubjectMatch
FNDA:5,(anonymous_10)
FNDA:4,(anonymous_11)
FNDA:3,(anonymous_12)
FNDA:2,(anonymous_13)
FNDA:6,processMatchedDiscipline
FNDA:2,(anonymous_15)
FNDA:4,checkEquivalencies
FNDA:4,(anonymous_17)
FNDA:3,(anonymous_18)
FNDA:1,(anonymous_19)
FNDA:2,(anonymous_20)
FNDA:3,(anonymous_21)
FNDA:0,(anonymous_22)
FNDA:0,(anonymous_23)
FNDA:0,(anonymous_24)
FNDA:0,(anonymous_25)
FNDA:0,(anonymous_26)
FNDA:0,(anonymous_27)
FNDA:0,(anonymous_28)
FNDA:0,(anonymous_29)
FNDA:0,(anonymous_30)
FNDA:0,(anonymous_31)
FNDA:0,(anonymous_32)
FNDA:0,(anonymous_33)
FNDA:0,(anonymous_34)
FNDA:0,(anonymous_35)
FNDA:0,(anonymous_36)
FNDA:0,(anonymous_37)
FNDA:0,(anonymous_38)
FNDA:0,(anonymous_39)
FNDA:0,(anonymous_40)
FNDA:0,(anonymous_41)
FNDA:0,(anonymous_42)
FNDA:0,(anonymous_43)
FNDA:0,(anonymous_44)
FNDA:0,(anonymous_45)
FNDA:0,(anonymous_46)
DA:1,2
DA:2,2
DA:4,2
DA:5,2
DA:6,2
DA:13,2
DA:14,2
DA:43,14
DA:44,6
DA:65,11
DA:66,10
DA:71,8
DA:72,8
DA:73,6
DA:78,5
DA:79,4
DA:80,2
DA:82,2
DA:90,5
DA:91,5
DA:92,2
DA:93,2
DA:94,2
DA:98,5
DA:99,5
DA:100,2
DA:101,2
DA:102,2
DA:103,1
DA:107,5
DA:108,0
DA:112,0
DA:113,0
DA:114,0
DA:119,5
DA:120,5
DA:121,2
DA:122,2
DA:124,2
DA:125,1
DA:126,1
DA:136,1
DA:137,1
DA:138,1
DA:149,5
DA:154,5
DA:155,2
DA:156,2
DA:157,2
DA:158,2
DA:159,2
DA:160,2
DA:161,1
DA:162,1
DA:167,2
DA:168,2
DA:169,2
DA:187,10
DA:188,5
DA:189,3
DA:199,5
DA:200,5
DA:205,5
DA:206,4
DA:207,4
DA:213,5
DA:214,3
DA:215,3
DA:220,5
DA:221,2
DA:222,2
DA:226,5
DA:236,6
DA:239,6
DA:241,6
DA:249,6
DA:250,2
DA:251,2
DA:252,2
DA:254,2
DA:256,2
DA:257,1
DA:258,1
DA:260,1
DA:262,2
DA:264,4
DA:265,4
DA:266,4
DA:277,4
DA:279,4
DA:280,3
DA:284,4
DA:285,4
DA:286,4
DA:287,3
DA:289,1
DA:290,1
DA:292,4
DA:293,2
DA:294,2
DA:295,2
DA:297,2
DA:298,2
DA:301,2
DA:308,2
DA:321,2
DA:325,3
DA:326,3
DA:327,3
DA:329,3
DA:330,3
DA:331,1
DA:332,1
DA:335,2
DA:337,2
DA:338,1
DA:339,1
DA:342,1
DA:344,1
DA:349,1
DA:350,0
DA:351,0
DA:354,1
DA:356,1
DA:358,1
DA:359,1
DA:363,1
DA:368,1
DA:369,0
DA:370,0
DA:373,1
DA:378,1
DA:381,1
DA:386,1
DA:387,0
DA:388,0
DA:391,1
DA:392,1
DA:393,0
DA:394,0
DA:395,0
DA:404,1
DA:406,1
DA:409,1
DA:415,0
DA:416,0
DA:417,0
DA:419,0
DA:420,0
DA:422,0
DA:423,0
DA:424,0
DA:428,0
DA:429,0
DA:432,0
DA:433,0
DA:434,0
DA:435,0
DA:437,0
DA:438,0
DA:439,0
DA:440,0
DA:443,0
DA:444,0
DA:445,0
DA:447,0
DA:448,0
DA:449,0
DA:450,0
DA:452,0
DA:453,0
DA:454,0
DA:459,0
DA:467,0
DA:468,0
DA:471,0
DA:472,0
DA:473,0
DA:475,0
DA:480,0
DA:482,0
DA:483,0
DA:484,0
DA:485,0
DA:489,0
DA:490,0
DA:491,0
DA:493,0
DA:498,0
DA:499,0
DA:500,0
DA:501,0
DA:511,0
DA:517,0
DA:518,0
DA:521,0
DA:523,0
DA:525,0
DA:526,0
DA:527,0
DA:530,0
DA:531,0
DA:532,0
DA:537,0
DA:538,0
DA:539,0
DA:543,0
DA:551,0
DA:552,0
DA:553,0
DA:554,0
DA:556,0
DA:557,0
DA:558,0
DA:559,0
DA:562,0
DA:567,0
DA:568,0
DA:571,0
DA:576,0
DA:579,0
DA:580,0
DA:581,0
DA:582,0
DA:583,0
DA:586,0
DA:598,0
DA:599,0
DA:600,0
DA:601,0
DA:602,0
DA:604,0
DA:606,0
DA:607,0
DA:608,0
DA:613,0
DA:614,0
DA:615,0
DA:616,0
DA:618,0
DA:619,0
DA:620,0
DA:621,0
DA:624,0
DA:625,0
DA:627,0
DA:628,0
DA:630,0
DA:634,0
DA:635,0
DA:636,0
DA:637,0
DA:639,0
DA:640,0
DA:642,0
DA:643,0
DA:644,0
DA:645,0
DA:648,0
DA:649,0
DA:654,0
DA:655,0
DA:656,0
DA:657,0
DA:661,0
DA:662,0
DA:664,0
DA:665,0
DA:668,0
DA:669,0
DA:670,0
DA:672,0
DA:675,0
DA:680,0
DA:681,0
DA:682,0
DA:683,0
DA:685,0
DA:687,0
DA:694,0
DA:699,0
DA:702,0
DA:703,0
DA:704,0
DA:705,0
DA:706,0
DA:707,0
DA:709,0
DA:710,0
DA:711,0
DA:712,0
DA:714,0
DA:715,0
DA:717,0
DA:718,0
DA:720,0
DA:723,0
DA:724,0
DA:725,0
DA:726,0
DA:727,0
DA:728,0
DA:730,0
DA:731,0
DA:733,0
DA:734,0
DA:735,0
DA:736,0
DA:737,0
DA:738,0
DA:740,0
DA:741,0
DA:744,0
DA:745,0
DA:746,0
DA:747,0
DA:748,0
DA:750,0
DA:751,0
DA:756,0
DA:757,0
DA:760,0
DA:761,0
DA:762,0
DA:763,0
DA:774,0
DA:777,0
DA:778,0
DA:779,0
DA:780,0
DA:781,0
DA:783,0
DA:784,0
DA:785,0
DA:786,0
DA:789,0
DA:791,0
DA:798,0
DA:799,0
DA:801,0
DA:802,0
DA:803,0
DA:804,0
DA:805,0
DA:807,0
DA:809,0
DA:815,0
DA:817,0
DA:818,0
DA:822,0
DA:825,0
DA:826,0
DA:827,0
DA:828,0
DA:829,0
DA:831,0
DA:832,0
DA:833,0
DA:835,0
DA:836,0
DA:837,0
DA:838,0
DA:840,0
DA:841,0
DA:843,0
DA:844,0
DA:845,0
DA:848,0
DA:849,0
DA:850,0
DA:857,0
DA:858,0
DA:859,0
DA:864,0
DA:865,0
DA:866,0
DA:870,0
DA:873,0
DA:874,0
DA:875,0
DA:876,0
DA:878,0
DA:879,0
DA:880,0
DA:881,0
DA:884,0
DA:885,0
DA:886,0
DA:887,0
DA:890,0
DA:891,0
DA:892,0
DA:895,0
DA:896,0
DA:897,0
DA:899,0
DA:902,0
DA:903,0
DA:904,0
DA:905,0
DA:906,0
DA:907,0
DA:910,0
DA:912,0
DA:915,0
DA:916,0
DA:917,0
DA:918,0
DA:919,0
DA:920,0
DA:921,0
DA:922,0
DA:923,0
DA:924,0
DA:925,0
DA:926,0
DA:928,0
DA:929,0
DA:930,0
DA:931,0
DA:933,0
DA:951,0
DA:952,0
DA:953,0
DA:954,0
DA:955,0
DA:960,0
DA:961,0
DA:962,0
DA:963,0
DA:964,0
DA:966,0
DA:967,0
DA:968,0
DA:970,0
DA:972,0
DA:973,0
DA:978,0
DA:979,0
DA:980,0
DA:981,0
DA:982,0
DA:985,0
DA:987,0
DA:989,0
DA:990,0
DA:992,0
DA:999,0
DA:1000,0
DA:1002,0
DA:1003,0
DA:1008,0
DA:1009,0
DA:1010,0
DA:1011,0
DA:1012,0
DA:1014,0
DA:1015,0
DA:1016,0
DA:1019,0
DA:1023,0
DA:1024,0
DA:1026,0
DA:1027,0
LF:464
LH:131
BRDA:43,0,0,8
BRDA:43,1,0,14
BRDA:43,1,1,10
BRDA:44,2,0,6
BRDA:44,2,1,2
BRDA:72,3,0,2
BRDA:73,4,0,5
BRDA:73,4,1,1
BRDA:78,5,0,1
BRDA:79,6,0,2
BRDA:91,7,0,5
BRDA:91,7,1,0
BRDA:93,8,0,2
BRDA:94,9,0,2
BRDA:94,9,1,0
BRDA:99,10,0,5
BRDA:99,10,1,1
BRDA:103,11,0,0
BRDA:107,12,0,0
BRDA:112,13,0,0
BRDA:112,13,1,0
BRDA:113,14,0,0
BRDA:114,15,0,0
BRDA:114,15,1,0
BRDA:120,16,0,5
BRDA:120,16,1,1
BRDA:124,17,0,1
BRDA:124,17,1,1
BRDA:131,18,0,1
BRDA:131,18,1,0
BRDA:132,19,0,1
BRDA:132,19,1,0
BRDA:136,20,0,1
BRDA:136,21,0,1
BRDA:136,21,1,1
BRDA:137,22,0,1
BRDA:137,22,1,0
BRDA:143,23,0,1
BRDA:143,23,1,0
BRDA:144,24,0,1
BRDA:144,24,1,1
BRDA:145,25,0,1
BRDA:145,25,1,0
BRDA:154,26,0,5
BRDA:154,26,1,2
BRDA:155,27,0,2
BRDA:155,27,1,1
BRDA:156,28,0,2
BRDA:156,28,1,0
BRDA:157,29,0,2
BRDA:157,29,1,0
BRDA:158,30,0,2
BRDA:158,30,1,1
BRDA:158,30,2,1
BRDA:160,31,0,1
BRDA:160,32,0,2
BRDA:160,32,1,2
BRDA:160,32,2,1
BRDA:160,32,3,1
BRDA:163,33,0,1
BRDA:163,33,1,0
BRDA:164,34,0,1
BRDA:164,34,1,0
BRDA:168,35,0,2
BRDA:168,35,1,1
BRDA:168,35,2,0
BRDA:168,36,0,1
BRDA:168,36,1,0
BRDA:176,37,0,2
BRDA:176,37,1,1
BRDA:187,38,0,5
BRDA:188,39,0,2
BRDA:200,40,0,5
BRDA:200,40,1,5
BRDA:200,40,2,5
BRDA:205,41,0,4
BRDA:207,42,0,4
BRDA:207,42,1,4
BRDA:207,42,2,4
BRDA:213,43,0,3
BRDA:220,44,0,2
BRDA:226,45,0,5
BRDA:226,45,1,1
BRDA:246,46,0,1
BRDA:246,46,1,5
BRDA:249,47,0,2
BRDA:249,47,1,4
BRDA:256,48,0,1
BRDA:256,48,1,1
BRDA:286,49,0,3
BRDA:286,49,1,1
BRDA:286,50,0,4
BRDA:286,50,1,3
BRDA:292,51,0,2
BRDA:295,52,0,2
BRDA:295,52,1,2
BRDA:295,52,2,2
BRDA:330,53,0,1
BRDA:337,54,0,1
BRDA:349,55,0,0
BRDA:354,56,0,1
BRDA:354,56,1,0
BRDA:368,57,0,0
BRDA:374,58,0,1
BRDA:374,58,1,0
BRDA:386,59,0,0
BRDA:394,60,0,0
BRDA:422,61,0,0
BRDA:429,62,0,0
BRDA:429,62,1,0
BRDA:439,63,0,0
BRDA:439,63,1,0
BRDA:440,64,0,0
BRDA:440,64,1,0
BRDA:443,65,0,0
BRDA:443,65,1,0
BRDA:444,66,0,0
BRDA:444,66,1,0
BRDA:445,67,0,0
BRDA:445,67,1,0
BRDA:445,68,0,0
BRDA:445,68,1,0
BRDA:452,69,0,0
BRDA:462,70,0,0
BRDA:462,70,1,0
BRDA:471,71,0,0
BRDA:471,71,1,0
BRDA:482,72,0,0
BRDA:489,73,0,0
BRDA:489,73,1,0
BRDA:500,74,0,0
BRDA:517,75,0,0
BRDA:530,76,0,0
BRDA:537,77,0,0
BRDA:537,78,0,0
BRDA:537,78,1,0
BRDA:567,79,0,0
BRDA:567,79,1,0
BRDA:568,80,0,0
BRDA:568,80,1,0
BRDA:576,81,0,0
BRDA:576,81,1,0
BRDA:589,82,0,0
BRDA:589,82,1,0
BRDA:590,83,0,0
BRDA:590,83,1,0
BRDA:599,84,0,0
BRDA:601,85,0,0
BRDA:601,86,0,0
BRDA:601,86,1,0
BRDA:604,87,0,0
BRDA:604,87,1,0
BRDA:606,88,0,0
BRDA:607,89,0,0
BRDA:607,89,1,0
BRDA:619,90,0,0
BRDA:619,91,0,0
BRDA:619,91,1,0
BRDA:627,92,0,0
BRDA:627,92,1,0
BRDA:634,93,0,0
BRDA:634,94,0,0
BRDA:634,94,1,0
BRDA:637,95,0,0
BRDA:643,96,0,0
BRDA:648,97,0,0
BRDA:654,98,0,0
BRDA:654,99,0,0
BRDA:654,99,1,0
BRDA:657,100,0,0
BRDA:657,100,1,0
BRDA:657,100,2,0
BRDA:661,101,0,0
BRDA:661,101,1,0
BRDA:668,102,0,0
BRDA:668,102,1,0
BRDA:680,103,0,0
BRDA:680,103,1,0
BRDA:682,104,0,0
BRDA:682,104,1,0
BRDA:717,105,0,0
BRDA:717,105,1,0
BRDA:723,106,0,0
BRDA:723,106,1,0
BRDA:726,107,0,0
BRDA:726,107,1,0
BRDA:733,108,0,0
BRDA:733,108,1,0
BRDA:736,109,0,0
BRDA:736,109,1,0
BRDA:746,110,0,0
BRDA:746,110,1,0
BRDA:785,111,0,0
BRDA:785,111,1,0
BRDA:798,112,0,0
BRDA:798,112,1,0
BRDA:805,113,0,0
BRDA:805,113,1,0
BRDA:805,113,2,0
BRDA:807,114,0,0
BRDA:812,115,0,0
BRDA:812,115,1,0
BRDA:813,116,0,0
BRDA:813,116,1,0
BRDA:835,117,0,0
BRDA:838,118,0,0
BRDA:841,119,0,0
BRDA:845,120,0,0
BRDA:845,120,1,0
BRDA:845,120,2,0
BRDA:848,121,0,0
BRDA:864,122,0,0
BRDA:887,123,0,0
BRDA:887,123,1,0
BRDA:887,124,0,0
BRDA:887,124,1,0
BRDA:892,125,0,0
BRDA:892,125,1,0
BRDA:892,126,0,0
BRDA:892,126,1,0
BRDA:897,127,0,0
BRDA:897,127,1,0
BRDA:897,128,0,0
BRDA:897,128,1,0
BRDA:905,129,0,0
BRDA:905,130,0,0
BRDA:905,130,1,0
BRDA:923,131,0,0
BRDA:923,131,1,0
BRDA:924,132,0,0
BRDA:924,132,1,0
BRDA:925,133,0,0
BRDA:925,133,1,0
BRDA:955,134,0,0
BRDA:955,134,1,0
BRDA:963,135,0,0
BRDA:966,136,0,0
BRDA:966,136,1,0
BRDA:967,137,0,0
BRDA:973,138,0,0
BRDA:973,138,1,0
BRDA:981,139,0,0
BRDA:985,140,0,0
BRDA:985,140,1,0
BRDA:999,141,0,0
BRDA:1003,142,0,0
BRDA:1003,142,1,0
BRDA:1011,143,0,0
BRDA:1014,144,0,0
BRDA:1014,144,1,0
BRDA:1015,145,0,0
BRDA:1023,146,0,0
BRDA:1027,147,0,0
BRDA:1027,147,1,0
BRF:254
BRH:81
end_of_record
